Using pre-set license

 COMMAND LINE ARGUMENTS:
/Applications/Unity/Hub/Editor/2020.3.4f1/Unity.app/Contents/MacOS/Unity
-adb2
-batchMode
-noUpm
-name
AssetImportWorker0
-projectPath
/Users/shivansh/zigzag
-logFile
Logs/AssetImportWorker0.log
-srvPort
50749
Successfully changed project path to: /Users/shivansh/zigzag
/Users/shivansh/zigzag
Using Asset Import Pipeline V2.
Refreshing native plugins compatible for Editor in 19.63 ms, found 1 plugins.
Preloading 0 native plugins for Editor in 0.00 ms.
Initialize engine version: 2020.3.4f1 (0abb6314276a)
[Subsystems] Discovering subsystems at path /Applications/Unity/Hub/Editor/2020.3.4f1/Unity.app/Contents/Resources/UnitySubsystems
[Subsystems] Discovering subsystems at path /Users/shivansh/zigzag/Assets
GfxDevice: creating device client; threaded=0
2021-05-03 20:07:38.533 Unity[3818:153724] (null) preferred device: Apple M1 (high power)
2021-05-03 20:07:38.533 Unity[3818:153724] Metal devices available: 1
2021-05-03 20:07:38.534 Unity[3818:153724] 0: Apple M1 (high power)
2021-05-03 20:07:38.534 Unity[3818:153724] Using device Apple M1 (high power)
Initializing Metal device caps: Apple M1
Initialize mono
Mono path[0] = '/Applications/Unity/Hub/Editor/2020.3.4f1/Unity.app/Contents/Managed'
Mono path[1] = '/Applications/Unity/Hub/Editor/2020.3.4f1/Unity.app/Contents/MonoBleedingEdge/lib/mono/unityjit'
Mono config path = '/Applications/Unity/Hub/Editor/2020.3.4f1/Unity.app/Contents/MonoBleedingEdge/etc'
Using monoOptions --debugger-agent=transport=dt_socket,embedding=1,server=y,suspend=n,address=127.0.0.1:56818
Begin MonoManager ReloadAssembly
Registering precompiled unity dll's ...
Register platform support module: /Applications/Unity/Hub/Editor/2020.3.4f1/Unity.app/Contents/PlaybackEngines/MacStandaloneSupport/UnityEditor.OSXStandalone.Extensions.dll
Registered in 0.000402 seconds.
Native extension for OSXStandalone target not found
Refreshing native plugins compatible for Editor in 21.14 ms, found 1 plugins.
Preloading 0 native plugins for Editor in 0.00 ms.
Mono: successfully reloaded assembly
- Completed reload, in  2.389 seconds
Platform modules already initialized, skipping
Registering precompiled user dll's ...
Registered in 0.000191 seconds.
Begin MonoManager ReloadAssembly
Native extension for OSXStandalone target not found
Refreshing native plugins compatible for Editor in 0.17 ms, found 1 plugins.
Preloading 0 native plugins for Editor in 0.00 ms.
Mono: successfully reloaded assembly
- Completed reload, in  1.733 seconds
Platform modules already initialized, skipping
========================================================================
Worker process is ready to serve import requests
Launching external process: /Applications/Unity/Hub/Editor/2020.3.4f1/Unity.app/Contents/Tools/UnityShaderCompiler
Launched and connected shader compiler UnityShaderCompiler after 0.03 seconds
Refreshing native plugins compatible for Editor in 0.16 ms, found 1 plugins.
Preloading 0 native plugins for Editor in 0.00 ms.
Unloading 1121 Unused Serialized files (Serialized files now loaded: 0)
System memory in use before: 111.0 MB.
System memory in use after: 111.1 MB.

Unloading 10 unused Assets to reduce memory usage. Loaded Objects now: 1563.
Total: 1.243292 ms (FindLiveObjects: 0.092166 ms CreateObjectMapping: 0.024917 ms MarkObjects: 1.054500 ms  DeleteObjects: 0.071167 ms)

========================================================================
Received Import Request.
  path: Assets/Scenes/Platformer.prefab
  artifactKey: Guid(e396459eaf1b841769b6c7f93c71f3df) Importer(815301076,1909f56bfc062723c751e8b465ee728b)
Start importing Assets/Scenes/Platformer.prefab using Guid(e396459eaf1b841769b6c7f93c71f3df) Importer(815301076,1909f56bfc062723c751e8b465ee728b)  -> (artifact id: 'c3b8a514cb162390eb2c839ae9866dac') in 0.625725 seconds
  Import took 0.628710 seconds .

========================================================================
Received Import Request.
  Time since last request: 0.264203 seconds.
  path: Assets/Scenes/Platformer.prefab
  artifactKey: Guid(e396459eaf1b841769b6c7f93c71f3df) Importer(815301076,1909f56bfc062723c751e8b465ee728b)
Start importing Assets/Scenes/Platformer.prefab using Guid(e396459eaf1b841769b6c7f93c71f3df) Importer(815301076,1909f56bfc062723c751e8b465ee728b)  -> (artifact id: '867911c71110b77b6ca21033f8e224c7') in 0.014363 seconds
  Import took 0.016311 seconds .

========================================================================
Received Prepare
Registering precompiled user dll's ...
Registered in 0.000296 seconds.
Begin MonoManager ReloadAssembly
Native extension for OSXStandalone target not found
Refreshing native plugins compatible for Editor in 0.17 ms, found 1 plugins.
Preloading 0 native plugins for Editor in 0.00 ms.
Mono: successfully reloaded assembly
- Completed reload, in  1.697 seconds
Platform modules already initialized, skipping
Switching build target platform(2) subTarget(0) extendedPlatform(0) -> platform(13) subTarget(537395200) extendedPlatform(0)
Refreshing native plugins compatible for Editor in 0.12 ms, found 1 plugins.
Preloading 0 native plugins for Editor in 0.00 ms.
Unloading 1119 Unused Serialized files (Serialized files now loaded: 0)
System memory in use before: 118.6 MB.
System memory in use after: 118.7 MB.

Unloading 5 unused Assets to reduce memory usage. Loaded Objects now: 1574.
Total: 1.135458 ms (FindLiveObjects: 0.084417 ms CreateObjectMapping: 0.024792 ms MarkObjects: 0.986625 ms  DeleteObjects: 0.038875 ms)

AssetImportParameters requested are different than current active one (requested -> active):
  custom:graphics/normal-map-encoding: 01000000000000000000000000000000 -> 02000000000000000000000000000000
========================================================================
Received Import Request.
  Time since last request: 85.804589 seconds.
  path: Assets/Scenes/Platformer.prefab
  artifactKey: Guid(e396459eaf1b841769b6c7f93c71f3df) Importer(815301076,1909f56bfc062723c751e8b465ee728b)
Start importing Assets/Scenes/Platformer.prefab using Guid(e396459eaf1b841769b6c7f93c71f3df) Importer(815301076,1909f56bfc062723c751e8b465ee728b)  -> (artifact id: '91c6640396f1fe3fa3429d5d377f3b25') in 0.157527 seconds
  Import took 0.159053 seconds .

========================================================================
Received Import Request.
  Time since last request: 0.420157 seconds.
  path: Assets/Scenes/Platformer.prefab
  artifactKey: Guid(e396459eaf1b841769b6c7f93c71f3df) Importer(815301076,1909f56bfc062723c751e8b465ee728b)
Start importing Assets/Scenes/Platformer.prefab using Guid(e396459eaf1b841769b6c7f93c71f3df) Importer(815301076,1909f56bfc062723c751e8b465ee728b)  -> (artifact id: '7210ca269016acc6a37fcfc84414e435') in 0.012665 seconds
  Import took 0.014488 seconds .

========================================================================
Received Prepare
Registering precompiled user dll's ...
Registered in 0.000249 seconds.
Begin MonoManager ReloadAssembly
Native extension for OSXStandalone target not found
Refreshing native plugins compatible for Editor in 0.19 ms, found 1 plugins.
Preloading 0 native plugins for Editor in 0.00 ms.
Mono: successfully reloaded assembly
- Completed reload, in  1.671 seconds
Platform modules already initialized, skipping
Switching build target platform(2) subTarget(0) extendedPlatform(0) -> platform(13) subTarget(537395200) extendedPlatform(0)
Refreshing native plugins compatible for Editor in 0.17 ms, found 1 plugins.
Preloading 0 native plugins for Editor in 0.00 ms.
Unloading 1119 Unused Serialized files (Serialized files now loaded: 0)
System memory in use before: 118.9 MB.
System memory in use after: 118.9 MB.

Unloading 5 unused Assets to reduce memory usage. Loaded Objects now: 1578.
Total: 1.156416 ms (FindLiveObjects: 0.101167 ms CreateObjectMapping: 0.023667 ms MarkObjects: 0.986792 ms  DeleteObjects: 0.044000 ms)

AssetImportParameters requested are different than current active one (requested -> active):
  custom:graphics/normal-map-encoding: 01000000000000000000000000000000 -> 02000000000000000000000000000000
========================================================================
Received Import Request.
  Time since last request: 13.505251 seconds.
  path: Assets/Scenes/Platformer.prefab
  artifactKey: Guid(e396459eaf1b841769b6c7f93c71f3df) Importer(815301076,1909f56bfc062723c751e8b465ee728b)
Start importing Assets/Scenes/Platformer.prefab using Guid(e396459eaf1b841769b6c7f93c71f3df) Importer(815301076,1909f56bfc062723c751e8b465ee728b)  -> (artifact id: 'e46fa5abe090c4c68cb762474eb4db60') in 0.175565 seconds
  Import took 0.177307 seconds .

========================================================================
Received Import Request.
  Time since last request: 1.497897 seconds.
  path: Assets/Scenes/Platformer.prefab
  artifactKey: Guid(e396459eaf1b841769b6c7f93c71f3df) Importer(815301076,1909f56bfc062723c751e8b465ee728b)
Start importing Assets/Scenes/Platformer.prefab using Guid(e396459eaf1b841769b6c7f93c71f3df) Importer(815301076,1909f56bfc062723c751e8b465ee728b)  -> (artifact id: '5637271624e7494fea27b3370c80b54b') in 0.019294 seconds
  Import took 0.021132 seconds .

========================================================================
Received Prepare
Registering precompiled user dll's ...
Registered in 0.000416 seconds.
Begin MonoManager ReloadAssembly
Native extension for OSXStandalone target not found
Refreshing native plugins compatible for Editor in 0.24 ms, found 1 plugins.
Preloading 0 native plugins for Editor in 0.00 ms.
Mono: successfully reloaded assembly
- Completed reload, in  1.653 seconds
Platform modules already initialized, skipping
Switching build target platform(2) subTarget(0) extendedPlatform(0) -> platform(13) subTarget(537395200) extendedPlatform(0)
Refreshing native plugins compatible for Editor in 0.17 ms, found 1 plugins.
Preloading 0 native plugins for Editor in 0.00 ms.
Unloading 1119 Unused Serialized files (Serialized files now loaded: 0)
System memory in use before: 119.1 MB.
System memory in use after: 119.2 MB.

Unloading 5 unused Assets to reduce memory usage. Loaded Objects now: 1582.
Total: 1.076000 ms (FindLiveObjects: 0.086208 ms CreateObjectMapping: 0.023375 ms MarkObjects: 0.920292 ms  DeleteObjects: 0.045417 ms)

AssetImportParameters requested are different than current active one (requested -> active):
  custom:graphics/normal-map-encoding: 01000000000000000000000000000000 -> 02000000000000000000000000000000
========================================================================
Received Import Request.
  Time since last request: 16.809193 seconds.
  path: Assets/Scenes/Platformer.prefab
  artifactKey: Guid(e396459eaf1b841769b6c7f93c71f3df) Importer(815301076,1909f56bfc062723c751e8b465ee728b)
Start importing Assets/Scenes/Platformer.prefab using Guid(e396459eaf1b841769b6c7f93c71f3df) Importer(815301076,1909f56bfc062723c751e8b465ee728b)  -> (artifact id: '493b3fd4dcf668df9b4b6a8a9d6b7d47') in 0.173548 seconds
  Import took 0.175217 seconds .

========================================================================
Received Import Request.
  Time since last request: 0.334338 seconds.
  path: Assets/Scenes/Platformer.prefab
  artifactKey: Guid(e396459eaf1b841769b6c7f93c71f3df) Importer(815301076,1909f56bfc062723c751e8b465ee728b)
Start importing Assets/Scenes/Platformer.prefab using Guid(e396459eaf1b841769b6c7f93c71f3df) Importer(815301076,1909f56bfc062723c751e8b465ee728b)  -> (artifact id: '8ce1c91c279364cca34145aa94cb0421') in 0.012825 seconds
  Import took 0.014647 seconds .

========================================================================
Received Import Request.
  Time since last request: 2.030215 seconds.
  path: Assets/Scenes/Platformer.prefab
  artifactKey: Guid(e396459eaf1b841769b6c7f93c71f3df) Importer(815301076,1909f56bfc062723c751e8b465ee728b)
Start importing Assets/Scenes/Platformer.prefab using Guid(e396459eaf1b841769b6c7f93c71f3df) Importer(815301076,1909f56bfc062723c751e8b465ee728b)  -> (artifact id: 'ac5d96e08915dc4a80c1cdc56177e61c') in 0.010085 seconds
  Import took 0.012609 seconds .

========================================================================
Received Prepare
Registering precompiled user dll's ...
Registered in 0.000254 seconds.
Begin MonoManager ReloadAssembly
Native extension for OSXStandalone target not found
Refreshing native plugins compatible for Editor in 0.20 ms, found 1 plugins.
Preloading 0 native plugins for Editor in 0.00 ms.
Mono: successfully reloaded assembly
- Completed reload, in  1.661 seconds
Platform modules already initialized, skipping
Switching build target platform(2) subTarget(0) extendedPlatform(0) -> platform(13) subTarget(537395200) extendedPlatform(0)
Refreshing native plugins compatible for Editor in 0.12 ms, found 1 plugins.
Preloading 0 native plugins for Editor in 0.00 ms.
Unloading 1119 Unused Serialized files (Serialized files now loaded: 0)
System memory in use before: 119.3 MB.
System memory in use after: 119.4 MB.

Unloading 5 unused Assets to reduce memory usage. Loaded Objects now: 1586.
Total: 1.220584 ms (FindLiveObjects: 0.109958 ms CreateObjectMapping: 0.024542 ms MarkObjects: 1.043000 ms  DeleteObjects: 0.042167 ms)

AssetImportParameters requested are different than current active one (requested -> active):
  custom:graphics/normal-map-encoding: 01000000000000000000000000000000 -> 02000000000000000000000000000000
========================================================================
Received Import Request.
  Time since last request: 22.858931 seconds.
  path: Assets/Scenes/Platformer.prefab
  artifactKey: Guid(e396459eaf1b841769b6c7f93c71f3df) Importer(815301076,1909f56bfc062723c751e8b465ee728b)
Start importing Assets/Scenes/Platformer.prefab using Guid(e396459eaf1b841769b6c7f93c71f3df) Importer(815301076,1909f56bfc062723c751e8b465ee728b)  -> (artifact id: 'd57e2bfb628ee973cc45064c92b352fc') in 0.159501 seconds
  Import took 0.161238 seconds .

========================================================================
Received Prepare
Registering precompiled user dll's ...
Registered in 0.000234 seconds.
Begin MonoManager ReloadAssembly
Native extension for OSXStandalone target not found
Refreshing native plugins compatible for Editor in 0.17 ms, found 1 plugins.
Preloading 0 native plugins for Editor in 0.00 ms.
Mono: successfully reloaded assembly
- Completed reload, in  1.656 seconds
Platform modules already initialized, skipping
Switching build target platform(2) subTarget(0) extendedPlatform(0) -> platform(13) subTarget(537395200) extendedPlatform(0)
Refreshing native plugins compatible for Editor in 0.15 ms, found 1 plugins.
Preloading 0 native plugins for Editor in 0.00 ms.
Unloading 1119 Unused Serialized files (Serialized files now loaded: 0)
System memory in use before: 119.5 MB.
System memory in use after: 119.6 MB.

Unloading 5 unused Assets to reduce memory usage. Loaded Objects now: 1590.
Total: 1.054875 ms (FindLiveObjects: 0.081916 ms CreateObjectMapping: 0.022958 ms MarkObjects: 0.910250 ms  DeleteObjects: 0.039042 ms)

AssetImportParameters requested are different than current active one (requested -> active):
  custom:graphics/normal-map-encoding: 01000000000000000000000000000000 -> 02000000000000000000000000000000
========================================================================
Received Import Request.
  Time since last request: 69.557859 seconds.
  path: Assets/Scenes/Platformer.prefab
  artifactKey: Guid(e396459eaf1b841769b6c7f93c71f3df) Importer(815301076,1909f56bfc062723c751e8b465ee728b)
Start importing Assets/Scenes/Platformer.prefab using Guid(e396459eaf1b841769b6c7f93c71f3df) Importer(815301076,1909f56bfc062723c751e8b465ee728b)  -> (artifact id: 'dc944fc59a8391ba0f66756738630be7') in 0.165707 seconds
  Import took 0.167379 seconds .

========================================================================
Received Import Request.
  Time since last request: 3.700521 seconds.
  path: Assets/Scenes/Platformer.prefab
  artifactKey: Guid(e396459eaf1b841769b6c7f93c71f3df) Importer(815301076,1909f56bfc062723c751e8b465ee728b)
Start importing Assets/Scenes/Platformer.prefab using Guid(e396459eaf1b841769b6c7f93c71f3df) Importer(815301076,1909f56bfc062723c751e8b465ee728b)  -> (artifact id: 'dc944fc59a8391ba0f66756738630be7') in 0.012725 seconds
  Import took 0.014385 seconds .

========================================================================
Received Prepare
Registering precompiled user dll's ...
Registered in 0.000231 seconds.
Begin MonoManager ReloadAssembly
Native extension for OSXStandalone target not found
Refreshing native plugins compatible for Editor in 0.18 ms, found 1 plugins.
Preloading 0 native plugins for Editor in 0.00 ms.
Mono: successfully reloaded assembly
- Completed reload, in  1.622 seconds
Platform modules already initialized, skipping
Switching build target platform(2) subTarget(0) extendedPlatform(0) -> platform(13) subTarget(537395200) extendedPlatform(0)
Refreshing native plugins compatible for Editor in 0.19 ms, found 1 plugins.
Preloading 0 native plugins for Editor in 0.00 ms.
Unloading 1119 Unused Serialized files (Serialized files now loaded: 0)
System memory in use before: 119.8 MB.
System memory in use after: 119.8 MB.

Unloading 5 unused Assets to reduce memory usage. Loaded Objects now: 1594.
Total: 1.214083 ms (FindLiveObjects: 0.130834 ms CreateObjectMapping: 0.024667 ms MarkObjects: 1.016750 ms  DeleteObjects: 0.040792 ms)

AssetImportParameters requested are different than current active one (requested -> active):
  custom:graphics/normal-map-encoding: 01000000000000000000000000000000 -> 02000000000000000000000000000000
========================================================================
Received Import Request.
  Time since last request: 8.145168 seconds.
  path: Assets/Scenes/Platformer.prefab
  artifactKey: Guid(e396459eaf1b841769b6c7f93c71f3df) Importer(815301076,1909f56bfc062723c751e8b465ee728b)
Start importing Assets/Scenes/Platformer.prefab using Guid(e396459eaf1b841769b6c7f93c71f3df) Importer(815301076,1909f56bfc062723c751e8b465ee728b)  -> (artifact id: '777682a13919fc7251525c27b5b1aa04') in 0.159175 seconds
  Import took 0.160965 seconds .

========================================================================
Received Import Request.
  Time since last request: 0.854158 seconds.
  path: Assets/Scenes/Platformer.prefab
  artifactKey: Guid(e396459eaf1b841769b6c7f93c71f3df) Importer(815301076,1909f56bfc062723c751e8b465ee728b)
Start importing Assets/Scenes/Platformer.prefab using Guid(e396459eaf1b841769b6c7f93c71f3df) Importer(815301076,1909f56bfc062723c751e8b465ee728b)  -> (artifact id: 'aaaa5cb5529c7e3761f2ab718a7f5b16') in 0.015379 seconds
  Import took 0.017295 seconds .

========================================================================
Received Prepare
Registering precompiled user dll's ...
Registered in 0.000365 seconds.
Begin MonoManager ReloadAssembly
Native extension for OSXStandalone target not found
Refreshing native plugins compatible for Editor in 0.18 ms, found 1 plugins.
Preloading 0 native plugins for Editor in 0.00 ms.
Mono: successfully reloaded assembly
- Completed reload, in  1.662 seconds
Platform modules already initialized, skipping
Switching build target platform(2) subTarget(0) extendedPlatform(0) -> platform(13) subTarget(537395200) extendedPlatform(0)
Refreshing native plugins compatible for Editor in 0.13 ms, found 1 plugins.
Preloading 0 native plugins for Editor in 0.00 ms.
Unloading 1119 Unused Serialized files (Serialized files now loaded: 0)
System memory in use before: 120.0 MB.
System memory in use after: 120.1 MB.

Unloading 5 unused Assets to reduce memory usage. Loaded Objects now: 1598.
Total: 1.179291 ms (FindLiveObjects: 0.150667 ms CreateObjectMapping: 0.022958 ms MarkObjects: 0.960708 ms  DeleteObjects: 0.043834 ms)

AssetImportParameters requested are different than current active one (requested -> active):
  custom:graphics/normal-map-encoding: 01000000000000000000000000000000 -> 02000000000000000000000000000000
========================================================================
Received Import Request.
  Time since last request: 49.365220 seconds.
  path: Assets/Scenes/Platformer.prefab
  artifactKey: Guid(e396459eaf1b841769b6c7f93c71f3df) Importer(815301076,1909f56bfc062723c751e8b465ee728b)
Start importing Assets/Scenes/Platformer.prefab using Guid(e396459eaf1b841769b6c7f93c71f3df) Importer(815301076,1909f56bfc062723c751e8b465ee728b)  -> (artifact id: '1d8472a76920fcf8e448d03c586ded5f') in 0.156437 seconds
  Import took 0.157976 seconds .

========================================================================
Received Prepare
Registering precompiled user dll's ...
Registered in 0.000257 seconds.
Begin MonoManager ReloadAssembly
Native extension for OSXStandalone target not found
Refreshing native plugins compatible for Editor in 0.21 ms, found 1 plugins.
Preloading 0 native plugins for Editor in 0.00 ms.
Mono: successfully reloaded assembly
- Completed reload, in  1.648 seconds
Platform modules already initialized, skipping
Switching build target platform(2) subTarget(0) extendedPlatform(0) -> platform(13) subTarget(537395200) extendedPlatform(0)
Refreshing native plugins compatible for Editor in 0.14 ms, found 1 plugins.
Preloading 0 native plugins for Editor in 0.00 ms.
Unloading 1119 Unused Serialized files (Serialized files now loaded: 0)
System memory in use before: 120.2 MB.
System memory in use after: 120.3 MB.

Unloading 5 unused Assets to reduce memory usage. Loaded Objects now: 1602.
Total: 1.144375 ms (FindLiveObjects: 0.099250 ms CreateObjectMapping: 0.024041 ms MarkObjects: 0.974959 ms  DeleteObjects: 0.045250 ms)

AssetImportParameters requested are different than current active one (requested -> active):
  custom:graphics/normal-map-encoding: 01000000000000000000000000000000 -> 02000000000000000000000000000000
========================================================================
Received Import Request.
  Time since last request: 97.980617 seconds.
  path: Assets/Scenes/Platformer.prefab
  artifactKey: Guid(e396459eaf1b841769b6c7f93c71f3df) Importer(815301076,1909f56bfc062723c751e8b465ee728b)
Start importing Assets/Scenes/Platformer.prefab using Guid(e396459eaf1b841769b6c7f93c71f3df) Importer(815301076,1909f56bfc062723c751e8b465ee728b)  -> (artifact id: 'aac1c38f37f34768338a5b6b7c21ad0d') in 0.155800 seconds
  Import took 0.157361 seconds .

========================================================================
Received Import Request.
  Time since last request: 2.812107 seconds.
  path: Assets/Scenes/Platformer.prefab
  artifactKey: Guid(e396459eaf1b841769b6c7f93c71f3df) Importer(815301076,1909f56bfc062723c751e8b465ee728b)
Start importing Assets/Scenes/Platformer.prefab using Guid(e396459eaf1b841769b6c7f93c71f3df) Importer(815301076,1909f56bfc062723c751e8b465ee728b)  -> (artifact id: 'aac1c38f37f34768338a5b6b7c21ad0d') in 0.012870 seconds
  Import took 0.014541 seconds .

========================================================================
Received Prepare
Registering precompiled user dll's ...
Registered in 0.000267 seconds.
Begin MonoManager ReloadAssembly
Native extension for OSXStandalone target not found
Refreshing native plugins compatible for Editor in 0.18 ms, found 1 plugins.
Preloading 0 native plugins for Editor in 0.00 ms.
Mono: successfully reloaded assembly
- Completed reload, in  1.651 seconds
Platform modules already initialized, skipping
Switching build target platform(2) subTarget(0) extendedPlatform(0) -> platform(13) subTarget(537395200) extendedPlatform(0)
Refreshing native plugins compatible for Editor in 0.14 ms, found 1 plugins.
Preloading 0 native plugins for Editor in 0.00 ms.
Unloading 1119 Unused Serialized files (Serialized files now loaded: 0)
System memory in use before: 120.4 MB.
System memory in use after: 120.5 MB.

Unloading 5 unused Assets to reduce memory usage. Loaded Objects now: 1606.
Total: 1.066083 ms (FindLiveObjects: 0.089833 ms CreateObjectMapping: 0.023417 ms MarkObjects: 0.911458 ms  DeleteObjects: 0.040458 ms)

AssetImportParameters requested are different than current active one (requested -> active):
  custom:graphics/normal-map-encoding: 01000000000000000000000000000000 -> 02000000000000000000000000000000
========================================================================
Received Import Request.
  Time since last request: 9.208705 seconds.
  path: Assets/Scenes/Platformer.prefab
  artifactKey: Guid(e396459eaf1b841769b6c7f93c71f3df) Importer(815301076,1909f56bfc062723c751e8b465ee728b)
Start importing Assets/Scenes/Platformer.prefab using Guid(e396459eaf1b841769b6c7f93c71f3df) Importer(815301076,1909f56bfc062723c751e8b465ee728b)  -> (artifact id: 'bdb3c1fc849aa4e5ad283b2ab6a23d0c') in 0.156692 seconds
  Import took 0.158169 seconds .

========================================================================
Received Import Request.
  Time since last request: 3.124766 seconds.
  path: Assets/Scenes/Platformer.prefab
  artifactKey: Guid(e396459eaf1b841769b6c7f93c71f3df) Importer(815301076,1909f56bfc062723c751e8b465ee728b)
Start importing Assets/Scenes/Platformer.prefab using Guid(e396459eaf1b841769b6c7f93c71f3df) Importer(815301076,1909f56bfc062723c751e8b465ee728b)  -> (artifact id: 'bdb3c1fc849aa4e5ad283b2ab6a23d0c') in 0.012269 seconds
  Import took 0.013890 seconds .

========================================================================
Received Prepare
Registering precompiled user dll's ...
Registered in 0.000314 seconds.
Begin MonoManager ReloadAssembly
Native extension for OSXStandalone target not found
Refreshing native plugins compatible for Editor in 0.17 ms, found 1 plugins.
Preloading 0 native plugins for Editor in 0.00 ms.
Mono: successfully reloaded assembly
- Completed reload, in  1.648 seconds
Platform modules already initialized, skipping
Switching build target platform(2) subTarget(0) extendedPlatform(0) -> platform(13) subTarget(537395200) extendedPlatform(0)
Refreshing native plugins compatible for Editor in 0.13 ms, found 1 plugins.
Preloading 0 native plugins for Editor in 0.00 ms.
Unloading 1119 Unused Serialized files (Serialized files now loaded: 0)
System memory in use before: 120.6 MB.
System memory in use after: 120.7 MB.

Unloading 5 unused Assets to reduce memory usage. Loaded Objects now: 1610.
Total: 1.182375 ms (FindLiveObjects: 0.101333 ms CreateObjectMapping: 0.024958 ms MarkObjects: 1.008792 ms  DeleteObjects: 0.046500 ms)

AssetImportParameters requested are different than current active one (requested -> active):
  custom:graphics/normal-map-encoding: 01000000000000000000000000000000 -> 02000000000000000000000000000000
========================================================================
Received Import Request.
  Time since last request: 26.797363 seconds.
  path: Assets/Scenes/Platformer.prefab
  artifactKey: Guid(e396459eaf1b841769b6c7f93c71f3df) Importer(815301076,1909f56bfc062723c751e8b465ee728b)
Start importing Assets/Scenes/Platformer.prefab using Guid(e396459eaf1b841769b6c7f93c71f3df) Importer(815301076,1909f56bfc062723c751e8b465ee728b)  -> (artifact id: '1fd4ebe863c017217d4669f32c9f301b') in 0.164671 seconds
  Import took 0.166565 seconds .

========================================================================
Received Import Request.
  Time since last request: 2.012276 seconds.
  path: Assets/Scenes/Platformer.prefab
  artifactKey: Guid(e396459eaf1b841769b6c7f93c71f3df) Importer(815301076,1909f56bfc062723c751e8b465ee728b)
Start importing Assets/Scenes/Platformer.prefab using Guid(e396459eaf1b841769b6c7f93c71f3df) Importer(815301076,1909f56bfc062723c751e8b465ee728b)  -> (artifact id: 'b93009eab9fcc91590aab590b791be60') in 0.012336 seconds
  Import took 0.014013 seconds .

========================================================================
Received Prepare
Registering precompiled user dll's ...
Registered in 0.000284 seconds.
Begin MonoManager ReloadAssembly
Native extension for OSXStandalone target not found
Refreshing native plugins compatible for Editor in 0.17 ms, found 1 plugins.
Preloading 0 native plugins for Editor in 0.00 ms.
Mono: successfully reloaded assembly
- Completed reload, in  1.622 seconds
Platform modules already initialized, skipping
Switching build target platform(2) subTarget(0) extendedPlatform(0) -> platform(13) subTarget(537395200) extendedPlatform(0)
Refreshing native plugins compatible for Editor in 0.15 ms, found 1 plugins.
Preloading 0 native plugins for Editor in 0.00 ms.
Unloading 1119 Unused Serialized files (Serialized files now loaded: 0)
System memory in use before: 120.9 MB.
System memory in use after: 120.9 MB.

Unloading 5 unused Assets to reduce memory usage. Loaded Objects now: 1614.
Total: 1.091167 ms (FindLiveObjects: 0.097000 ms CreateObjectMapping: 0.023083 ms MarkObjects: 0.928458 ms  DeleteObjects: 0.041917 ms)

AssetImportParameters requested are different than current active one (requested -> active):
  custom:graphics/normal-map-encoding: 01000000000000000000000000000000 -> 02000000000000000000000000000000
========================================================================
Received Import Request.
  Time since last request: 13.952461 seconds.
  path: Assets/Scenes/Platformer.prefab
  artifactKey: Guid(e396459eaf1b841769b6c7f93c71f3df) Importer(815301076,1909f56bfc062723c751e8b465ee728b)
Start importing Assets/Scenes/Platformer.prefab using Guid(e396459eaf1b841769b6c7f93c71f3df) Importer(815301076,1909f56bfc062723c751e8b465ee728b)  -> (artifact id: 'b83a6c414f00bd4164e8ac4f9c54bc47') in 0.149541 seconds
  Import took 0.151051 seconds .

========================================================================
Received Import Request.
  Time since last request: 3.717062 seconds.
  path: Assets/Scenes/Platformer.prefab
  artifactKey: Guid(e396459eaf1b841769b6c7f93c71f3df) Importer(815301076,1909f56bfc062723c751e8b465ee728b)
Start importing Assets/Scenes/Platformer.prefab using Guid(e396459eaf1b841769b6c7f93c71f3df) Importer(815301076,1909f56bfc062723c751e8b465ee728b)  -> (artifact id: 'b83a6c414f00bd4164e8ac4f9c54bc47') in 0.012601 seconds
  Import took 0.014274 seconds .

========================================================================
Received Prepare
Registering precompiled user dll's ...
Registered in 0.000320 seconds.
Begin MonoManager ReloadAssembly
Native extension for OSXStandalone target not found
Refreshing native plugins compatible for Editor in 0.17 ms, found 1 plugins.
Preloading 0 native plugins for Editor in 0.00 ms.
Mono: successfully reloaded assembly
- Completed reload, in  1.643 seconds
Platform modules already initialized, skipping
Switching build target platform(2) subTarget(0) extendedPlatform(0) -> platform(13) subTarget(537395200) extendedPlatform(0)
Refreshing native plugins compatible for Editor in 0.16 ms, found 1 plugins.
Preloading 0 native plugins for Editor in 0.00 ms.
Unloading 1119 Unused Serialized files (Serialized files now loaded: 0)
System memory in use before: 121.1 MB.
System memory in use after: 121.2 MB.

Unloading 5 unused Assets to reduce memory usage. Loaded Objects now: 1618.
Total: 1.156417 ms (FindLiveObjects: 0.113375 ms CreateObjectMapping: 0.023291 ms MarkObjects: 0.970209 ms  DeleteObjects: 0.048875 ms)

AssetImportParameters requested are different than current active one (requested -> active):
  custom:graphics/normal-map-encoding: 01000000000000000000000000000000 -> 02000000000000000000000000000000
========================================================================
Received Import Request.
  Time since last request: 7.991601 seconds.
  path: Assets/Scenes/Platformer.prefab
  artifactKey: Guid(e396459eaf1b841769b6c7f93c71f3df) Importer(815301076,1909f56bfc062723c751e8b465ee728b)
Start importing Assets/Scenes/Platformer.prefab using Guid(e396459eaf1b841769b6c7f93c71f3df) Importer(815301076,1909f56bfc062723c751e8b465ee728b)  -> (artifact id: '073487f3520a09651586634f1c27e236') in 0.163326 seconds
  Import took 0.164942 seconds .

========================================================================
Received Import Request.
  Time since last request: 4.413299 seconds.
  path: Assets/Scenes/Platformer.prefab
  artifactKey: Guid(e396459eaf1b841769b6c7f93c71f3df) Importer(815301076,1909f56bfc062723c751e8b465ee728b)
Start importing Assets/Scenes/Platformer.prefab using Guid(e396459eaf1b841769b6c7f93c71f3df) Importer(815301076,1909f56bfc062723c751e8b465ee728b)  -> (artifact id: '073487f3520a09651586634f1c27e236') in 0.012799 seconds
  Import took 0.014434 seconds .

========================================================================
Received Prepare
Registering precompiled user dll's ...
Registered in 0.000232 seconds.
Begin MonoManager ReloadAssembly
Native extension for OSXStandalone target not found
Refreshing native plugins compatible for Editor in 0.19 ms, found 1 plugins.
Preloading 0 native plugins for Editor in 0.00 ms.
Mono: successfully reloaded assembly
- Completed reload, in  1.637 seconds
Platform modules already initialized, skipping
Switching build target platform(2) subTarget(0) extendedPlatform(0) -> platform(13) subTarget(537395200) extendedPlatform(0)
Refreshing native plugins compatible for Editor in 0.16 ms, found 1 plugins.
Preloading 0 native plugins for Editor in 0.00 ms.
Unloading 1119 Unused Serialized files (Serialized files now loaded: 0)
System memory in use before: 121.3 MB.
System memory in use after: 121.4 MB.

Unloading 5 unused Assets to reduce memory usage. Loaded Objects now: 1622.
Total: 1.172875 ms (FindLiveObjects: 0.122334 ms CreateObjectMapping: 0.025208 ms MarkObjects: 0.984250 ms  DeleteObjects: 0.039958 ms)

AssetImportParameters requested are different than current active one (requested -> active):
  custom:graphics/normal-map-encoding: 01000000000000000000000000000000 -> 02000000000000000000000000000000
