Using pre-set license

 COMMAND LINE ARGUMENTS:
/Applications/Unity/Hub/Editor/2020.3.4f1/Unity.app/Contents/MacOS/Unity
-adb2
-batchMode
-noUpm
-name
AssetImportWorker0
-projectPath
/Users/shivansh/zigzag
-logFile
Logs/AssetImportWorker0.log
-srvPort
52087
Successfully changed project path to: /Users/shivansh/zigzag
/Users/shivansh/zigzag
Using Asset Import Pipeline V2.
Refreshing native plugins compatible for Editor in 20.18 ms, found 1 plugins.
Preloading 0 native plugins for Editor in 0.00 ms.
Initialize engine version: 2020.3.4f1 (0abb6314276a)
[Subsystems] Discovering subsystems at path /Applications/Unity/Hub/Editor/2020.3.4f1/Unity.app/Contents/Resources/UnitySubsystems
[Subsystems] Discovering subsystems at path /Users/shivansh/zigzag/Assets
GfxDevice: creating device client; threaded=0
2021-05-04 12:52:29.777 Unity[4362:227009] (null) preferred device: Apple M1 (high power)
2021-05-04 12:52:29.777 Unity[4362:227009] Metal devices available: 1
2021-05-04 12:52:29.777 Unity[4362:227009] 0: Apple M1 (high power)
2021-05-04 12:52:29.777 Unity[4362:227009] Using device Apple M1 (high power)
Initializing Metal device caps: Apple M1
Initialize mono
Mono path[0] = '/Applications/Unity/Hub/Editor/2020.3.4f1/Unity.app/Contents/Managed'
Mono path[1] = '/Applications/Unity/Hub/Editor/2020.3.4f1/Unity.app/Contents/MonoBleedingEdge/lib/mono/unityjit'
Mono config path = '/Applications/Unity/Hub/Editor/2020.3.4f1/Unity.app/Contents/MonoBleedingEdge/etc'
Using monoOptions --debugger-agent=transport=dt_socket,embedding=1,server=y,suspend=n,address=127.0.0.1:56362
Begin MonoManager ReloadAssembly
Registering precompiled unity dll's ...
Register platform support module: /Applications/Unity/Hub/Editor/2020.3.4f1/Unity.app/Contents/PlaybackEngines/MacStandaloneSupport/UnityEditor.OSXStandalone.Extensions.dll
Registered in 0.001238 seconds.
Native extension for OSXStandalone target not found
Refreshing native plugins compatible for Editor in 21.64 ms, found 1 plugins.
Preloading 0 native plugins for Editor in 0.00 ms.
Mono: successfully reloaded assembly
- Completed reload, in  2.427 seconds
Platform modules already initialized, skipping
Registering precompiled user dll's ...
Registered in 0.000557 seconds.
Begin MonoManager ReloadAssembly
Native extension for OSXStandalone target not found
Refreshing native plugins compatible for Editor in 0.19 ms, found 1 plugins.
Preloading 0 native plugins for Editor in 0.00 ms.
Mono: successfully reloaded assembly
- Completed reload, in  1.667 seconds
Platform modules already initialized, skipping
========================================================================
Worker process is ready to serve import requests
Launching external process: /Applications/Unity/Hub/Editor/2020.3.4f1/Unity.app/Contents/Tools/UnityShaderCompiler
Launched and connected shader compiler UnityShaderCompiler after 0.03 seconds
Refreshing native plugins compatible for Editor in 0.17 ms, found 1 plugins.
Preloading 0 native plugins for Editor in 0.00 ms.
Unloading 1121 Unused Serialized files (Serialized files now loaded: 0)
System memory in use before: 111.0 MB.
System memory in use after: 111.1 MB.

Unloading 10 unused Assets to reduce memory usage. Loaded Objects now: 1563.
Total: 1.323625 ms (FindLiveObjects: 0.124084 ms CreateObjectMapping: 0.024666 ms MarkObjects: 1.098583 ms  DeleteObjects: 0.075584 ms)

========================================================================
Received Import Request.
  path: Assets/Scripts/BallController.cs
  artifactKey: Guid(e53f0a3b10e3b42908655ca67967e9e7) Importer(815301076,1909f56bfc062723c751e8b465ee728b)
Start importing Assets/Scripts/BallController.cs using Guid(e53f0a3b10e3b42908655ca67967e9e7) Importer(815301076,1909f56bfc062723c751e8b465ee728b)  -> (artifact id: '33fc9b4149d5848b2bc7684faeae1d64') in 0.218847 seconds
  Import took 0.220605 seconds .

========================================================================
Received Prepare
Refreshing native plugins compatible for Editor in 8.11 ms, found 1 plugins.
Preloading 0 native plugins for Editor in 0.00 ms.
Unloading 3 Unused Serialized files (Serialized files now loaded: 0)
System memory in use before: 93.1 MB.
System memory in use after: 93.2 MB.

Unloading 3 unused Assets to reduce memory usage. Loaded Objects now: 1563.
Total: 1.251959 ms (FindLiveObjects: 0.125667 ms CreateObjectMapping: 0.026083 ms MarkObjects: 1.057916 ms  DeleteObjects: 0.041625 ms)

